{
  message: 'Username is already in use: Alight',
  level: 'error',
  timestamp: '2023-06-05T02:39:48.739Z'
}
{
  message: 'Username is already in use: Alight',
  level: 'error',
  timestamp: '2023-06-05T02:42:28.347Z'
}
{
  message: 'Error: validateSchema is not a function',
  userName: 'Alight',
  level: 'error',
  timestamp: '2023-06-06T03:04:22.519Z'
}
{
  message: "Error: Cannot read properties of undefined (reading 'validate')",
  userName: 'Alight',
  level: 'error',
  timestamp: '2023-06-06T03:04:51.450Z'
}
{
  message: 'Error: Role is not defined',
  level: 'error',
  timestamp: '2023-06-06T07:19:53.291Z'
}
{
  message: 'Error: Role is not defined',
  level: 'error',
  timestamp: '2023-06-06T07:20:29.065Z'
}
{
  message: "Error: Employee is associated to User using an alias. You've included an alias (employee), but it does not match the alias(es) defined in your association (Employee).",
  level: 'error',
  timestamp: '2023-06-06T07:24:51.217Z'
}
{
  message: "Error: Employee is associated to User using an alias. You've included an alias (employee), but it does not match the alias(es) defined in your association (Employee).",
  level: 'error',
  timestamp: '2023-06-06T07:25:25.477Z'
}
{
  message: "Error: Employee is associated to User using an alias. You've included an alias (employee), but it does not match the alias(es) defined in your association (Employee).",
  level: 'error',
  timestamp: '2023-06-06T07:29:35.799Z'
}
{
  message: "Error: Employee is associated to User using an alias. You've included an alias (employee), but it does not match the alias(es) defined in your association (Employee).",
  level: 'error',
  timestamp: '2023-06-06T07:31:39.934Z'
}
{
  message: "Error: Employee is associated to User using an alias. You've included an alias (employee), but it does not match the alias(es) defined in your association (Employee).",
  level: 'error',
  timestamp: '2023-06-06T07:32:46.852Z'
}
{
  message: "Error: Employee is associated to User using an alias. You've included an alias (employee), but it does not match the alias(es) defined in your association (Employee).",
  level: 'error',
  timestamp: '2023-06-06T07:34:52.261Z'
}
{
  message: 'Error: User or corresponding employee information not found.',
  level: 'error',
  timestamp: '2023-06-06T08:07:21.659Z'
}
{
  message: 'Error: User or corresponding employee information not found.',
  level: 'error',
  timestamp: '2023-06-06T08:07:30.298Z'
}
{
  message: 'Error: User or corresponding employee information not found.',
  level: 'error',
  timestamp: '2023-06-06T08:30:47.167Z'
}
{
  message: 'Error: User or corresponding employee information not found.',
  level: 'error',
  timestamp: '2023-06-06T09:55:23.422Z'
}
{
  message: "Error: Employee is associated to User using an alias. You must use the 'as' keyword to specify the alias within your include statement.",
  level: 'error',
  timestamp: '2023-06-06T09:55:41.950Z'
}
{
  message: "Error: Employee is associated to User using an alias. You must use the 'as' keyword to specify the alias within your include statement.",
  level: 'error',
  timestamp: '2023-06-06T09:55:43.669Z'
}
{
  message: "Error: Employee is associated to User using an alias. You must use the 'as' keyword to specify the alias within your include statement.",
  level: 'error',
  timestamp: '2023-06-06T09:56:26.791Z'
}
{
  message: 'Error: User or corresponding employee information not found.',
  level: 'error',
  timestamp: '2023-06-07T02:12:42.169Z'
}
{
  message: 'Error: User or corresponding employee information not found.',
  level: 'error',
  timestamp: '2023-06-07T03:45:06.720Z'
}
{
  message: 'Error: User or corresponding employee information not found.',
  level: 'error',
  timestamp: '2023-06-07T03:47:52.911Z'
}
{
  message: 'Error: User or corresponding employee information not found.',
  level: 'error',
  timestamp: '2023-06-07T03:49:29.166Z'
}
{
  message: 'Error: User or corresponding employee information not found.',
  level: 'error',
  timestamp: '2023-06-07T03:50:57.360Z'
}
{
  message: 'Error: User or corresponding employee information not found.',
  level: 'error',
  timestamp: '2023-06-07T03:54:28.191Z'
}
{
  message: 'Error: User or corresponding employee information not found.',
  level: 'error',
  timestamp: '2023-06-07T03:55:36.270Z'
}
{
  message: 'Error: User or corresponding employee information not found.',
  level: 'error',
  timestamp: '2023-06-07T03:56:25.956Z'
}
{
  message: 'Error: User or corresponding employee information not found.',
  level: 'error',
  timestamp: '2023-06-07T04:00:32.736Z'
}
{
  message: 'Error: User or corresponding employee information not found.',
  level: 'error',
  timestamp: '2023-06-07T04:06:48.206Z'
}
{
  message: 'Error: User or corresponding employee information not found.',
  level: 'error',
  timestamp: '2023-06-07T04:07:41.998Z'
}
{
  message: 'Error: User or corresponding employee information not found.',
  level: 'error',
  timestamp: '2023-06-07T04:11:01.713Z'
}
{
  message: 'Unauthorized access attempt',
  level: 'error',
  timestamp: '2023-06-07T04:13:38.017Z'
}
{
  message: 'Username is already in use: Alight3',
  level: 'error',
  timestamp: '2023-06-07T04:25:16.317Z'
}
{
  message: "Error during registration: Table 'test.users' doesn't exist",
  level: 'error',
  timestamp: '2023-06-07T04:27:12.430Z'
}
{
  message: "Error during registration: Table 'test.users' doesn't exist",
  level: 'error',
  timestamp: '2023-06-07T04:27:15.052Z'
}
{
  message: 'Error during registration: Validation error',
  level: 'error',
  timestamp: '2023-06-07T04:28:12.524Z'
}
{
  message: 'Error during registration: Validation error',
  level: 'error',
  timestamp: '2023-06-07T04:30:34.890Z'
}
{
  message: 'Incorrect username or password: Alight2',
  level: 'error',
  timestamp: '2023-06-07T04:30:39.184Z'
}
{
  message: "Error: Cannot read properties of undefined (reading 'findAll')",
  userName: 'Alight2',
  level: 'error',
  timestamp: '2023-06-08T02:54:55.913Z'
}
{
  message: "Error: Cannot read properties of undefined (reading 'findByPk')",
  userName: 'Alight2',
  level: 'error',
  timestamp: '2023-06-08T02:55:11.291Z'
}
{
  message: "Error: Cannot read properties of undefined (reading 'findAll')",
  userName: 'Alight2',
  level: 'error',
  timestamp: '2023-06-08T02:55:49.832Z'
}
{
  message: 'Error: WHERE parameter "salesRepEmployeeNumber" has invalid "undefined" value',
  userName: 'Alight2',
  level: 'error',
  timestamp: '2023-06-08T02:58:10.649Z'
}
{
  message: 'Incorrect username or password',
  userName: 'notLogin',
  level: 'error',
  timestamp: '2023-06-08T03:47:29.956Z'
}
{
  message: 'Incorrect username or password: Alight',
  level: 'error',
  timestamp: '2023-06-08T03:52:19.706Z'
}
{
  message: 'Incorrect username or password: Alight',
  level: 'error',
  timestamp: '2023-06-08T03:54:49.225Z'
}
{
  message: 'Error: user or pass',
  userName: 'notLogin',
  level: 'error',
  timestamp: '2023-06-08T04:00:04.668Z'
}
{
  message: 'Error: jwt malformed',
  level: 'error',
  timestamp: '2023-06-09T03:42:57.075Z'
}
{
  message: 'Error: user or password Incorrect',
  userName: 'notLogin',
  level: 'error',
  timestamp: '2023-06-09T03:43:28.519Z'
}
{
  message: 'Error: user or password Incorrect',
  userName: 'notLogin',
  level: 'error',
  timestamp: '2023-06-09T03:43:33.061Z'
}
{
  message: 'Error: user or password Incorrect',
  userName: 'notLogin',
  level: 'error',
  timestamp: '2023-06-09T03:43:35.970Z'
}
{
  message: 'Error: user or password Incorrect',
  userName: 'notLogin',
  level: 'error',
  timestamp: '2023-06-09T03:43:41.543Z'
}
{
  message: 'Error: user or password Incorrect',
  userName: 'notLogin',
  level: 'error',
  timestamp: '2023-06-09T03:43:42.835Z'
}
{
  message: 'Error: user or password Incorrect',
  userName: 'notLogin',
  level: 'error',
  timestamp: '2023-06-09T03:44:05.665Z'
}
{
  message: 'An error occurred. Please try again later',
  userName: 'registerNew',
  level: 'error',
  timestamp: '2023-06-09T03:44:41.437Z'
}
{
  message: 'An error occurred. Please try again later',
  userName: 'registerNew',
  level: 'error',
  timestamp: '2023-06-09T03:45:06.605Z'
}
{
  message: 'An error occurred. Please try again later',
  userName: 'registerNew',
  level: 'error',
  timestamp: '2023-06-09T03:46:02.594Z'
}
{
  message: "Error: Employee is associated to Customer using an alias. You've included an alias (salesRep), but it does not match the alias(es) defined in your association (Employee).",
  userName: 'Alight',
  level: 'error',
  timestamp: '2023-06-09T03:47:23.739Z'
}
{
  message: "Error: Employee is associated to Customer using an alias. You've included an alias (salesRep), but it does not match the alias(es) defined in your association (Employee).",
  userName: 'Alight',
  level: 'error',
  timestamp: '2023-06-09T03:52:05.748Z'
}
