{
  message: 'Username is already in use: Alight',
  level: 'error',
  timestamp: '2023-06-05T02:39:48.739Z'
}
{
  message: 'Username is already in use: Alight',
  level: 'error',
  timestamp: '2023-06-05T02:42:28.347Z'
}
{
  message: 'Error: validateSchema is not a function',
  userName: 'Alight',
  level: 'error',
  timestamp: '2023-06-06T03:04:22.519Z'
}
{
  message: "Error: Cannot read properties of undefined (reading 'validate')",
  userName: 'Alight',
  level: 'error',
  timestamp: '2023-06-06T03:04:51.450Z'
}
{
  message: 'Error: Role is not defined',
  level: 'error',
  timestamp: '2023-06-06T07:19:53.291Z'
}
{
  message: 'Error: Role is not defined',
  level: 'error',
  timestamp: '2023-06-06T07:20:29.065Z'
}
{
  message: "Error: Employee is associated to User using an alias. You've included an alias (employee), but it does not match the alias(es) defined in your association (Employee).",
  level: 'error',
  timestamp: '2023-06-06T07:24:51.217Z'
}
{
  message: "Error: Employee is associated to User using an alias. You've included an alias (employee), but it does not match the alias(es) defined in your association (Employee).",
  level: 'error',
  timestamp: '2023-06-06T07:25:25.477Z'
}
{
  message: "Error: Employee is associated to User using an alias. You've included an alias (employee), but it does not match the alias(es) defined in your association (Employee).",
  level: 'error',
  timestamp: '2023-06-06T07:29:35.799Z'
}
{
  message: "Error: Employee is associated to User using an alias. You've included an alias (employee), but it does not match the alias(es) defined in your association (Employee).",
  level: 'error',
  timestamp: '2023-06-06T07:31:39.934Z'
}
{
  message: "Error: Employee is associated to User using an alias. You've included an alias (employee), but it does not match the alias(es) defined in your association (Employee).",
  level: 'error',
  timestamp: '2023-06-06T07:32:46.852Z'
}
{
  message: "Error: Employee is associated to User using an alias. You've included an alias (employee), but it does not match the alias(es) defined in your association (Employee).",
  level: 'error',
  timestamp: '2023-06-06T07:34:52.261Z'
}
{
  message: 'Error: User or corresponding employee information not found.',
  level: 'error',
  timestamp: '2023-06-06T08:07:21.659Z'
}
{
  message: 'Error: User or corresponding employee information not found.',
  level: 'error',
  timestamp: '2023-06-06T08:07:30.298Z'
}
{
  message: 'Error: User or corresponding employee information not found.',
  level: 'error',
  timestamp: '2023-06-06T08:30:47.167Z'
}
{
  message: 'Error: User or corresponding employee information not found.',
  level: 'error',
  timestamp: '2023-06-06T09:55:23.422Z'
}
{
  message: "Error: Employee is associated to User using an alias. You must use the 'as' keyword to specify the alias within your include statement.",
  level: 'error',
  timestamp: '2023-06-06T09:55:41.950Z'
}
{
  message: "Error: Employee is associated to User using an alias. You must use the 'as' keyword to specify the alias within your include statement.",
  level: 'error',
  timestamp: '2023-06-06T09:55:43.669Z'
}
{
  message: "Error: Employee is associated to User using an alias. You must use the 'as' keyword to specify the alias within your include statement.",
  level: 'error',
  timestamp: '2023-06-06T09:56:26.791Z'
}
{
  message: 'Error: User or corresponding employee information not found.',
  level: 'error',
  timestamp: '2023-06-07T02:12:42.169Z'
}
{
  message: 'Error: User or corresponding employee information not found.',
  level: 'error',
  timestamp: '2023-06-07T03:45:06.720Z'
}
{
  message: 'Error: User or corresponding employee information not found.',
  level: 'error',
  timestamp: '2023-06-07T03:47:52.911Z'
}
{
  message: 'Error: User or corresponding employee information not found.',
  level: 'error',
  timestamp: '2023-06-07T03:49:29.166Z'
}
{
  message: 'Error: User or corresponding employee information not found.',
  level: 'error',
  timestamp: '2023-06-07T03:50:57.360Z'
}
{
  message: 'Error: User or corresponding employee information not found.',
  level: 'error',
  timestamp: '2023-06-07T03:54:28.191Z'
}
{
  message: 'Error: User or corresponding employee information not found.',
  level: 'error',
  timestamp: '2023-06-07T03:55:36.270Z'
}
{
  message: 'Error: User or corresponding employee information not found.',
  level: 'error',
  timestamp: '2023-06-07T03:56:25.956Z'
}
{
  message: 'Error: User or corresponding employee information not found.',
  level: 'error',
  timestamp: '2023-06-07T04:00:32.736Z'
}
{
  message: 'Error: User or corresponding employee information not found.',
  level: 'error',
  timestamp: '2023-06-07T04:06:48.206Z'
}
{
  message: 'Error: User or corresponding employee information not found.',
  level: 'error',
  timestamp: '2023-06-07T04:07:41.998Z'
}
{
  message: 'Error: User or corresponding employee information not found.',
  level: 'error',
  timestamp: '2023-06-07T04:11:01.713Z'
}
{
  message: 'Unauthorized access attempt',
  level: 'error',
  timestamp: '2023-06-07T04:13:38.017Z'
}
{
  message: 'Username is already in use: Alight3',
  level: 'error',
  timestamp: '2023-06-07T04:25:16.317Z'
}
{
  message: "Error during registration: Table 'test.users' doesn't exist",
  level: 'error',
  timestamp: '2023-06-07T04:27:12.430Z'
}
{
  message: "Error during registration: Table 'test.users' doesn't exist",
  level: 'error',
  timestamp: '2023-06-07T04:27:15.052Z'
}
{
  message: 'Error during registration: Validation error',
  level: 'error',
  timestamp: '2023-06-07T04:28:12.524Z'
}
{
  message: 'Error during registration: Validation error',
  level: 'error',
  timestamp: '2023-06-07T04:30:34.890Z'
}
{
  message: 'Incorrect username or password: Alight2',
  level: 'error',
  timestamp: '2023-06-07T04:30:39.184Z'
}
{
  message: "Error: Cannot read properties of undefined (reading 'findAll')",
  userName: 'Alight2',
  level: 'error',
  timestamp: '2023-06-08T02:54:55.913Z'
}
{
  message: "Error: Cannot read properties of undefined (reading 'findByPk')",
  userName: 'Alight2',
  level: 'error',
  timestamp: '2023-06-08T02:55:11.291Z'
}
{
  message: "Error: Cannot read properties of undefined (reading 'findAll')",
  userName: 'Alight2',
  level: 'error',
  timestamp: '2023-06-08T02:55:49.832Z'
}
{
  message: 'Error: WHERE parameter "salesRepEmployeeNumber" has invalid "undefined" value',
  userName: 'Alight2',
  level: 'error',
  timestamp: '2023-06-08T02:58:10.649Z'
}
{
  message: 'Incorrect username or password',
  userName: 'notLogin',
  level: 'error',
  timestamp: '2023-06-08T03:47:29.956Z'
}
{
  message: 'Incorrect username or password: Alight',
  level: 'error',
  timestamp: '2023-06-08T03:52:19.706Z'
}
{
  message: 'Incorrect username or password: Alight',
  level: 'error',
  timestamp: '2023-06-08T03:54:49.225Z'
}
{
  message: 'Error: user or pass',
  userName: 'notLogin',
  level: 'error',
  timestamp: '2023-06-08T04:00:04.668Z'
}
{
  message: 'Error: jwt malformed',
  level: 'error',
  timestamp: '2023-06-09T03:42:57.075Z'
}
{
  message: 'Error: user or password Incorrect',
  userName: 'notLogin',
  level: 'error',
  timestamp: '2023-06-09T03:43:28.519Z'
}
{
  message: 'Error: user or password Incorrect',
  userName: 'notLogin',
  level: 'error',
  timestamp: '2023-06-09T03:43:33.061Z'
}
{
  message: 'Error: user or password Incorrect',
  userName: 'notLogin',
  level: 'error',
  timestamp: '2023-06-09T03:43:35.970Z'
}
{
  message: 'Error: user or password Incorrect',
  userName: 'notLogin',
  level: 'error',
  timestamp: '2023-06-09T03:43:41.543Z'
}
{
  message: 'Error: user or password Incorrect',
  userName: 'notLogin',
  level: 'error',
  timestamp: '2023-06-09T03:43:42.835Z'
}
{
  message: 'Error: user or password Incorrect',
  userName: 'notLogin',
  level: 'error',
  timestamp: '2023-06-09T03:44:05.665Z'
}
{
  message: 'An error occurred. Please try again later',
  userName: 'registerNew',
  level: 'error',
  timestamp: '2023-06-09T03:44:41.437Z'
}
{
  message: 'An error occurred. Please try again later',
  userName: 'registerNew',
  level: 'error',
  timestamp: '2023-06-09T03:45:06.605Z'
}
{
  message: 'An error occurred. Please try again later',
  userName: 'registerNew',
  level: 'error',
  timestamp: '2023-06-09T03:46:02.594Z'
}
{
  message: "Error: Employee is associated to Customer using an alias. You've included an alias (salesRep), but it does not match the alias(es) defined in your association (Employee).",
  userName: 'Alight',
  level: 'error',
  timestamp: '2023-06-09T03:47:23.739Z'
}
{
  message: "Error: Employee is associated to Customer using an alias. You've included an alias (salesRep), but it does not match the alias(es) defined in your association (Employee).",
  userName: 'Alight',
  level: 'error',
  timestamp: '2023-06-09T03:52:05.748Z'
}
{
  message: 'Customer not found: id-44',
  level: 'error',
  timestamp: '2023-06-12T02:54:23.986Z'
}
{
  message: 'Error: Customer not found',
  userName: 'Alight',
  level: 'error',
  timestamp: '2023-06-12T03:23:26.803Z'
}
{
  message: 'Error: jwt malformed',
  level: 'error',
  timestamp: '2023-06-12T09:56:57.807Z'
}
{
  message: 'Error: jwt malformed',
  userName: 'Not login',
  level: 'error',
  timestamp: '2023-06-12T10:03:33.677Z'
}
{
  message: 'Error: jwt malformed',
  userName: 'Not login',
  level: 'error',
  timestamp: '2023-06-12T10:04:02.823Z'
}
{
  message: 'Username is already in use',
  userName: 'registerNew',
  level: 'error',
  timestamp: '2023-06-12T10:05:47.932Z'
}
{
  message: 'Error: jwt malformed',
  userName: 'Not login',
  level: 'error',
  timestamp: '2023-06-12T10:05:48.059Z'
}
{
  message: 'Error: user or password Incorrect',
  userName: 'notLogin',
  level: 'error',
  timestamp: '2023-06-12T12:37:01.921Z'
}
{
  message: 'Error: user or password Incorrect',
  userName: 'notLogin',
  level: 'error',
  timestamp: '2023-06-12T12:37:47.619Z'
}
{
  message: 'Error: user or password Incorrect',
  userName: 'notLogin',
  level: 'error',
  timestamp: '2023-06-12T12:38:09.779Z'
}
{
  message: 'Error: user or password Incorrect',
  userName: 'notLogin',
  level: 'error',
  timestamp: '2023-06-12T12:38:50.458Z'
}
{
  message: 'Error: user or password Incorrect',
  userName: 'notLogin',
  level: 'error',
  timestamp: '2023-06-12T12:39:32.777Z'
}
{
  message: 'Error: user or password Incorrect',
  userName: 'notLogin',
  level: 'error',
  timestamp: '2023-06-12T12:40:13.135Z'
}
{
  message: 'Error: jwt malformed',
  userName: 'Not login',
  level: 'error',
  timestamp: '2023-06-12T13:05:04.088Z'
}
{
  message: 'Error: jwt malformed',
  userName: 'Not login',
  level: 'error',
  timestamp: '2023-06-12T13:05:34.048Z'
}
{
  message: 'Error: jwt malformed',
  userName: 'Not login',
  level: 'error',
  timestamp: '2023-06-12T13:06:48.568Z'
}
{
  message: 'Error: jwt malformed',
  userName: 'Not login',
  level: 'error',
  timestamp: '2023-06-12T13:07:31.116Z'
}
{
  message: 'Error: jwt malformed',
  userName: 'Not login',
  level: 'error',
  timestamp: '2023-06-12T13:07:52.335Z'
}
{
  message: 'Error: jwt malformed',
  userName: 'Not login',
  level: 'error',
  timestamp: '2023-06-12T13:08:55.774Z'
}
{
  message: 'Token not found',
  level: 'error',
  timestamp: '2023-06-12T14:03:05.104Z'
}
{
  message: 'Token not found',
  level: 'error',
  timestamp: '2023-06-12T14:04:00.882Z'
}
{
  message: 'Token not found',
  level: 'error',
  timestamp: '2023-06-12T14:04:09.887Z'
}
{
  message: 'Token not found',
  level: 'error',
  timestamp: '2023-06-12T14:06:45.210Z'
}
{
  message: 'Token not found',
  level: 'error',
  timestamp: '2023-06-13T02:12:40.175Z'
}
{
  message: 'Token not found',
  level: 'error',
  timestamp: '2023-06-13T02:24:58.258Z'
}
{
  message: 'Token not found',
  level: 'error',
  timestamp: '2023-06-13T02:26:05.858Z'
}
{
  message: 'Token not found',
  level: 'error',
  timestamp: '2023-06-13T02:26:48.561Z'
}
{
  message: 'Error: "userName" length must be at least 3 characters long',
  userName: 'registerFail',
  level: 'error',
  timestamp: '2023-06-13T02:29:00.718Z'
}
{
  message: 'Token not found',
  level: 'error',
  timestamp: '2023-06-13T02:29:01.272Z'
}
{
  message: 'Error: "userName" length must be at least 3 characters long',
  userName: 'registerFail',
  level: 'error',
  timestamp: '2023-06-13T02:29:34.526Z'
}
{
  message: 'Token not found',
  level: 'error',
  timestamp: '2023-06-13T02:29:34.982Z'
}
{
  message: 'Error: "userName" length must be at least 3 characters long',
  userName: 'registerFail',
  level: 'error',
  timestamp: '2023-06-13T02:32:08.408Z'
}
{
  message: 'Token not found',
  level: 'error',
  timestamp: '2023-06-13T02:32:09.199Z'
}
{
  message: 'Error: "userName" length must be at least 3 characters long',
  userName: 'registerFail',
  level: 'error',
  timestamp: '2023-06-13T02:37:05.850Z'
}
{
  message: 'Token not found',
  level: 'error',
  timestamp: '2023-06-13T02:37:06.332Z'
}
{
  message: 'Error: "userName" length must be at least 3 characters long',
  userName: 'registerFail',
  level: 'error',
  timestamp: '2023-06-13T02:47:32.675Z'
}
{
  message: 'Token not found',
  level: 'error',
  timestamp: '2023-06-13T02:47:33.195Z'
}
{
  message: 'Error: "userName" length must be at least 3 characters long',
  userName: 'registerFail',
  level: 'error',
  timestamp: '2023-06-13T02:52:37.582Z'
}
{
  message: 'Token not found',
  level: 'error',
  timestamp: '2023-06-13T02:52:37.995Z'
}
{
  message: 'Error: "userName" length must be at least 3 characters long',
  userName: 'registerFail',
  level: 'error',
  timestamp: '2023-06-13T03:03:38.368Z'
}
{
  message: 'Token not found',
  level: 'error',
  timestamp: '2023-06-13T03:03:38.777Z'
}
{
  message: 'Error: Employee not found',
  userName: 'testuser',
  level: 'error',
  timestamp: '2023-06-13T03:03:38.857Z'
}
{
  message: 'Token not found',
  level: 'error',
  timestamp: '2023-06-13T03:03:38.875Z'
}
{
  message: 'Error: "userName" length must be at least 3 characters long',
  userName: 'registerFail',
  level: 'error',
  timestamp: '2023-06-13T03:04:34.364Z'
}
{
  message: 'Token not found',
  level: 'error',
  timestamp: '2023-06-13T03:04:34.943Z'
}
{
  message: 'Error: Employee not found',
  userName: 'testuser',
  level: 'error',
  timestamp: '2023-06-13T03:04:34.985Z'
}
{
  message: 'Token not found',
  level: 'error',
  timestamp: '2023-06-13T03:04:35.004Z'
}
{
  message: 'Error: "userName" length must be at least 3 characters long',
  userName: 'registerFail',
  level: 'error',
  timestamp: '2023-06-13T03:05:25.637Z'
}
{
  message: 'Token not found',
  level: 'error',
  timestamp: '2023-06-13T03:05:26.056Z'
}
{
  message: 'Error: Employee not found',
  userName: 'testuser',
  level: 'error',
  timestamp: '2023-06-13T03:05:26.092Z'
}
{
  message: 'Token not found',
  level: 'error',
  timestamp: '2023-06-13T03:05:26.113Z'
}
{
  message: 'Error: "userName" length must be at least 3 characters long',
  userName: 'registerFail',
  level: 'error',
  timestamp: '2023-06-13T03:07:18.471Z'
}
{
  message: 'Error: "lastName" is required',
  userName: 'registerFail',
  level: 'error',
  timestamp: '2023-06-13T03:07:18.934Z'
}
{
  message: 'Error: Employee not found',
  userName: 'testuser',
  level: 'error',
  timestamp: '2023-06-13T03:07:18.972Z'
}
{
  message: 'Token not found',
  level: 'error',
  timestamp: '2023-06-13T03:07:18.989Z'
}
{
  message: 'Error: "userName" length must be at least 3 characters long',
  userName: 'registerFail',
  level: 'error',
  timestamp: '2023-06-13T03:07:53.615Z'
}
{
  message: 'Error: "officeCode" must be a string',
  userName: 'registerFail',
  level: 'error',
  timestamp: '2023-06-13T03:07:54.101Z'
}
{
  message: 'Error: Employee not found',
  userName: 'testuser',
  level: 'error',
  timestamp: '2023-06-13T03:07:54.141Z'
}
{
  message: 'Token not found',
  level: 'error',
  timestamp: '2023-06-13T03:07:54.161Z'
}
{
  message: 'Error: "userName" length must be at least 3 characters long',
  userName: 'registerFail',
  level: 'error',
  timestamp: '2023-06-13T03:10:44.853Z'
}
{
  message: 'Error: "reportTo" is not allowed',
  userName: 'registerFail',
  level: 'error',
  timestamp: '2023-06-13T03:10:45.283Z'
}
{
  message: 'Error: Employee not found',
  userName: 'testuser',
  level: 'error',
  timestamp: '2023-06-13T03:10:45.321Z'
}
{
  message: 'Token not found',
  level: 'error',
  timestamp: '2023-06-13T03:10:45.332Z'
}
{
  message: 'Error: "userName" length must be at least 3 characters long',
  userName: 'registerFail',
  level: 'error',
  timestamp: '2023-06-13T03:11:20.977Z'
}
{
  message: 'Error: "reportTo" is not allowed',
  userName: 'registerFail',
  level: 'error',
  timestamp: '2023-06-13T03:11:21.499Z'
}
{
  message: 'Error: Employee not found',
  userName: 'testuser',
  level: 'error',
  timestamp: '2023-06-13T03:11:21.544Z'
}
{
  message: 'Token not found',
  level: 'error',
  timestamp: '2023-06-13T03:11:21.561Z'
}
{
  message: 'Error: "userName" length must be at least 3 characters long',
  userName: 'registerFail',
  level: 'error',
  timestamp: '2023-06-13T03:12:34.243Z'
}
{
  message: 'Error: "reportTo" is not allowed',
  userName: 'registerFail',
  level: 'error',
  timestamp: '2023-06-13T03:12:34.760Z'
}
{
  message: 'Error: Employee not found',
  userName: 'testuser',
  level: 'error',
  timestamp: '2023-06-13T03:12:34.799Z'
}
{
  message: 'Token not found',
  level: 'error',
  timestamp: '2023-06-13T03:12:34.816Z'
}
{
  message: 'Error: "userName" length must be at least 3 characters long',
  userName: 'registerFail',
  level: 'error',
  timestamp: '2023-06-13T03:13:35.552Z'
}
{
  message: 'Error: "reportsTo" must be a number',
  userName: 'registerFail',
  level: 'error',
  timestamp: '2023-06-13T03:13:36.008Z'
}
{
  message: 'Error: Employee not found',
  userName: 'testuser',
  level: 'error',
  timestamp: '2023-06-13T03:13:36.061Z'
}
{
  message: 'Token not found',
  level: 'error',
  timestamp: '2023-06-13T03:13:36.078Z'
}
{
  message: 'Error: "userName" length must be at least 3 characters long',
  userName: 'registerFail',
  level: 'error',
  timestamp: '2023-06-13T03:14:09.475Z'
}
{
  message: 'Error: notNull Violation: Employee.roleId cannot be null',
  userName: 'testuser',
  level: 'error',
  timestamp: '2023-06-13T03:14:10.153Z'
}
{
  message: 'Error: Employee not found',
  userName: 'testuser',
  level: 'error',
  timestamp: '2023-06-13T03:14:10.214Z'
}
{
  message: 'Token not found',
  level: 'error',
  timestamp: '2023-06-13T03:14:10.233Z'
}
{
  message: 'Error: "userName" length must be at least 3 characters long',
  userName: 'registerFail',
  level: 'error',
  timestamp: '2023-06-13T03:15:30.603Z'
}
{
  message: 'Error: notNull Violation: Employee.roleId cannot be null',
  userName: 'testuser',
  level: 'error',
  timestamp: '2023-06-13T03:15:31.123Z'
}
{
  message: 'Error: Employee not found',
  userName: 'testuser',
  level: 'error',
  timestamp: '2023-06-13T03:15:31.162Z'
}
{
  message: 'Token not found',
  level: 'error',
  timestamp: '2023-06-13T03:15:31.188Z'
}
{
  message: 'Error: User or corresponding employee information not found.',
  userName: 'Not login',
  level: 'error',
  timestamp: '2023-06-13T03:17:13.528Z'
}
{
  message: 'Error: user or password Incorrect',
  userName: 'notLogin',
  level: 'error',
  timestamp: '2023-06-13T03:17:28.234Z'
}
{
  message: 'An error occurred. Please try again later',
  userName: 'registerNew',
  level: 'error',
  timestamp: '2023-06-13T03:17:38.230Z'
}
{
  message: 'An error occurred. Please try again later',
  userName: 'registerNew',
  level: 'error',
  timestamp: '2023-06-13T03:17:40.945Z'
}
{
  message: 'Error: user or password Incorrect',
  userName: 'notLogin',
  level: 'error',
  timestamp: '2023-06-13T03:18:02.671Z'
}
{
  message: 'Error: notNull Violation: Employee.roleId cannot be null',
  userName: 'Alight3',
  level: 'error',
  timestamp: '2023-06-13T03:18:20.947Z'
}
{
  message: 'Error: "userName" length must be at least 3 characters long',
  userName: 'registerFail',
  level: 'error',
  timestamp: '2023-06-13T03:20:39.455Z'
}
{
  message: 'Error: Employee not found',
  userName: 'testuser',
  level: 'error',
  timestamp: '2023-06-13T03:20:40.150Z'
}
{
  message: 'Token not found',
  level: 'error',
  timestamp: '2023-06-13T03:20:40.166Z'
}
{
  message: 'Error: "userName" length must be at least 3 characters long',
  userName: 'registerFail',
  level: 'error',
  timestamp: '2023-06-13T03:24:23.210Z'
}
{
  message: 'Error: Employee not found',
  userName: 'testuser',
  level: 'error',
  timestamp: '2023-06-13T03:24:23.772Z'
}
{
  message: 'Token not found',
  level: 'error',
  timestamp: '2023-06-13T03:24:23.785Z'
}
{
  message: 'Error: "userName" length must be at least 3 characters long',
  userName: 'registerFail',
  level: 'error',
  timestamp: '2023-06-13T03:29:10.028Z'
}
{
  message: 'Error: Employee not found',
  userName: 'testuser',
  level: 'error',
  timestamp: '2023-06-13T03:29:10.604Z'
}
{
  message: 'Token not found',
  level: 'error',
  timestamp: '2023-06-13T03:29:10.628Z'
}
{
  message: 'Error: "userName" length must be at least 3 characters long',
  userName: 'registerFail',
  level: 'error',
  timestamp: '2023-06-13T03:31:10.474Z'
}
{
  message: 'Token not found',
  level: 'error',
  timestamp: '2023-06-13T03:31:11.084Z'
}
{
  message: 'Error: "userName" length must be at least 3 characters long',
  userName: 'registerFail',
  level: 'error',
  timestamp: '2023-06-13T03:32:42.301Z'
}
{
  message: 'Error: "officeCode" must be a string',
  userName: 'registerFail',
  level: 'error',
  timestamp: '2023-06-13T03:32:43.074Z'
}
{
  message: 'Error: "userName" length must be at least 3 characters long',
  userName: 'registerFail',
  level: 'error',
  timestamp: '2023-06-13T03:33:33.807Z'
}
{
  message: 'Error: "reportTo" is not allowed',
  userName: 'registerFail',
  level: 'error',
  timestamp: '2023-06-13T03:33:34.405Z'
}
{
  message: 'Error: "userName" length must be at least 3 characters long',
  userName: 'registerFail',
  level: 'error',
  timestamp: '2023-06-13T03:34:03.073Z'
}
{
  message: 'Error: "userName" length must be at least 3 characters long',
  userName: 'registerFail',
  level: 'error',
  timestamp: '2023-06-13T03:42:31.646Z'
}
{
  message: 'Error: "userName" length must be at least 3 characters long',
  userName: 'registerFail',
  level: 'error',
  timestamp: '2023-06-13T03:49:05.567Z'
}
{
  message: 'Error: "userName" length must be at least 3 characters long',
  userName: 'registerFail',
  level: 'error',
  timestamp: '2023-06-13T03:49:54.776Z'
}
{
  message: 'Error: "userName" length must be at least 3 characters long',
  userName: 'registerFail',
  level: 'error',
  timestamp: '2023-06-13T03:56:48.842Z'
}
{
  message: 'Error: "userName" length must be at least 3 characters long',
  userName: 'registerFail',
  level: 'error',
  timestamp: '2023-06-13T07:51:00.567Z'
}
{
  message: 'Error: notNull Violation: Customer.contractLastName cannot be null,\n' +
    'notNull Violation: Customer.contractFirstName cannot be null,\n' +
    'notNull Violation: Customer.state cannot be null,\n' +
    'notNull Violation: Customer.postalCode cannot be null,\n' +
    'notNull Violation: Customer.salesRepEmployeeNumber cannot be null,\n' +
    'notNull Violation: Customer.creditLimit cannot be null',
  userName: 'testuser',
  level: 'error',
  timestamp: '2023-06-13T07:51:02.780Z'
}
{
  message: 'Error: Customer not found',
  userName: 'testuser',
  level: 'error',
  timestamp: '2023-06-13T07:51:02.812Z'
}
{
  message: 'Error: Customer not found',
  userName: 'testuser',
  level: 'error',
  timestamp: '2023-06-13T07:51:02.842Z'
}
{
  message: 'Error: Customer not found',
  userName: 'testuser',
  level: 'error',
  timestamp: '2023-06-13T07:51:02.926Z'
}
{
  message: 'Error: "userName" length must be at least 3 characters long',
  userName: 'registerFail',
  level: 'error',
  timestamp: '2023-06-13T07:53:17.453Z'
}
{
  message: 'Error: notNull Violation: Customer.contractLastName cannot be null,\n' +
    'notNull Violation: Customer.contractFirstName cannot be null,\n' +
    'notNull Violation: Customer.state cannot be null,\n' +
    'notNull Violation: Customer.postalCode cannot be null,\n' +
    'notNull Violation: Customer.salesRepEmployeeNumber cannot be null,\n' +
    'notNull Violation: Customer.creditLimit cannot be null',
  userName: 'testuser',
  level: 'error',
  timestamp: '2023-06-13T07:53:17.916Z'
}
{
  message: 'Error: Customer not found',
  userName: 'testuser',
  level: 'error',
  timestamp: '2023-06-13T07:53:17.978Z'
}
{
  message: 'Error: Customer not found',
  userName: 'testuser',
  level: 'error',
  timestamp: '2023-06-13T07:53:18.023Z'
}
{
  message: 'Error: Customer not found',
  userName: 'testuser',
  level: 'error',
  timestamp: '2023-06-13T07:53:18.056Z'
}
{
  message: 'Error: "userName" length must be at least 3 characters long',
  userName: 'registerFail',
  level: 'error',
  timestamp: '2023-06-13T07:53:54.779Z'
}
{
  message: 'Error: notNull Violation: Customer.contractLastName cannot be null,\n' +
    'notNull Violation: Customer.contractFirstName cannot be null,\n' +
    'notNull Violation: Customer.state cannot be null,\n' +
    'notNull Violation: Customer.postalCode cannot be null,\n' +
    'notNull Violation: Customer.salesRepEmployeeNumber cannot be null,\n' +
    'notNull Violation: Customer.creditLimit cannot be null',
  userName: 'testuser',
  level: 'error',
  timestamp: '2023-06-13T07:53:55.222Z'
}
{
  message: 'Error: Customer not found',
  userName: 'testuser',
  level: 'error',
  timestamp: '2023-06-13T07:53:55.301Z'
}
{
  message: 'Error: Customer not found',
  userName: 'testuser',
  level: 'error',
  timestamp: '2023-06-13T07:53:55.331Z'
}
{
  message: 'Error: Customer not found',
  userName: 'testuser',
  level: 'error',
  timestamp: '2023-06-13T07:53:55.381Z'
}
{
  message: 'Error: "userName" length must be at least 3 characters long',
  userName: 'registerFail',
  level: 'error',
  timestamp: '2023-06-13T07:57:38.503Z'
}
{
  message: 'Error: notNull Violation: Customer.contractLastName cannot be null,\n' +
    'notNull Violation: Customer.contractFirstName cannot be null,\n' +
    'notNull Violation: Customer.state cannot be null,\n' +
    'notNull Violation: Customer.postalCode cannot be null,\n' +
    'notNull Violation: Customer.salesRepEmployeeNumber cannot be null,\n' +
    'notNull Violation: Customer.creditLimit cannot be null',
  userName: 'testuser',
  level: 'error',
  timestamp: '2023-06-13T07:57:38.992Z'
}
{
  message: 'Error: Customer not found',
  userName: 'testuser',
  level: 'error',
  timestamp: '2023-06-13T07:57:39.059Z'
}
{
  message: 'Error: Customer not found',
  userName: 'testuser',
  level: 'error',
  timestamp: '2023-06-13T07:57:39.089Z'
}
{
  message: 'Error: Customer not found',
  userName: 'testuser',
  level: 'error',
  timestamp: '2023-06-13T07:57:39.118Z'
}
{
  message: 'Error: "userName" length must be at least 3 characters long',
  userName: 'registerFail',
  level: 'error',
  timestamp: '2023-06-13T07:59:00.288Z'
}
{
  message: 'Error: notNull Violation: Customer.contractLastName cannot be null,\n' +
    'notNull Violation: Customer.contractFirstName cannot be null,\n' +
    'notNull Violation: Customer.state cannot be null,\n' +
    'notNull Violation: Customer.postalCode cannot be null,\n' +
    'notNull Violation: Customer.salesRepEmployeeNumber cannot be null,\n' +
    'notNull Violation: Customer.creditLimit cannot be null',
  userName: 'testuser',
  level: 'error',
  timestamp: '2023-06-13T07:59:00.805Z'
}
{
  message: 'Error: Customer not found',
  userName: 'testuser',
  level: 'error',
  timestamp: '2023-06-13T07:59:00.864Z'
}
{
  message: 'Error: Customer not found',
  userName: 'testuser',
  level: 'error',
  timestamp: '2023-06-13T07:59:00.918Z'
}
{
  message: 'Error: Customer not found',
  userName: 'testuser',
  level: 'error',
  timestamp: '2023-06-13T07:59:00.954Z'
}
{
  message: 'Error: "userName" length must be at least 3 characters long',
  userName: 'registerFail',
  level: 'error',
  timestamp: '2023-06-13T08:03:43.915Z'
}
{
  message: 'Error: notNull Violation: Customer.contractLastName cannot be null,\n' +
    'notNull Violation: Customer.contractFirstName cannot be null',
  userName: 'testuser',
  level: 'error',
  timestamp: '2023-06-13T08:03:44.378Z'
}
{
  message: 'Error: Customer not found',
  userName: 'testuser',
  level: 'error',
  timestamp: '2023-06-13T08:03:44.437Z'
}
{
  message: 'Error: Customer not found',
  userName: 'testuser',
  level: 'error',
  timestamp: '2023-06-13T08:03:44.484Z'
}
{
  message: 'Error: Customer not found',
  userName: 'testuser',
  level: 'error',
  timestamp: '2023-06-13T08:03:44.525Z'
}
{
  message: 'Error: "userName" length must be at least 3 characters long',
  userName: 'registerFail',
  level: 'error',
  timestamp: '2023-06-13T08:05:32.338Z'
}
{
  message: 'Error: Customer not found',
  userName: 'testuser',
  level: 'error',
  timestamp: '2023-06-13T08:05:32.961Z'
}
{
  message: 'Error: Customer not found',
  userName: 'testuser',
  level: 'error',
  timestamp: '2023-06-13T08:05:33.019Z'
}
{
  message: 'Error: Customer not found',
  userName: 'testuser',
  level: 'error',
  timestamp: '2023-06-13T08:05:33.065Z'
}
{
  message: 'Error: "userName" length must be at least 3 characters long',
  userName: 'registerFail',
  level: 'error',
  timestamp: '2023-06-13T08:06:51.311Z'
}
{
  message: 'Error: "userName" length must be at least 3 characters long',
  userName: 'registerFail',
  level: 'error',
  timestamp: '2023-06-13T08:09:23.848Z'
}
{
  message: 'Error: "userName" length must be at least 3 characters long',
  userName: 'registerFail',
  level: 'error',
  timestamp: '2023-06-13T08:09:58.283Z'
}
{
  message: 'Error: "userName" length must be at least 3 characters long',
  userName: 'registerFail',
  level: 'error',
  timestamp: '2023-06-13T08:10:26.522Z'
}
{
  message: 'Error: "userName" length must be at least 3 characters long',
  userName: 'registerFail',
  level: 'error',
  timestamp: '2023-06-13T08:24:36.915Z'
}
{
  message: 'Error: "userName" length must be at least 3 characters long',
  userName: 'registerFail',
  level: 'error',
  timestamp: '2023-06-14T03:38:38.192Z'
}
{
  message: 'Error: "userName" length must be at least 3 characters long',
  userName: 'registerFail',
  level: 'error',
  timestamp: '2023-06-14T03:38:53.020Z'
}
{
  message: 'Error: jwt malformed',
  userName: 'Not login',
  level: 'error',
  timestamp: '2023-06-15T02:34:45.841Z'
}
{
  message: 'Error: jwt malformed',
  userName: 'Not login',
  level: 'error',
  timestamp: '2023-06-15T02:34:45.871Z'
}
{
  message: 'Error: jwt malformed',
  userName: 'Not login',
  level: 'error',
  timestamp: '2023-06-15T02:34:45.887Z'
}
{
  message: 'Error: jwt malformed',
  userName: 'Not login',
  level: 'error',
  timestamp: '2023-06-15T02:34:45.913Z'
}
{
  message: 'Error: jwt malformed',
  userName: 'Not login',
  level: 'error',
  timestamp: '2023-06-15T02:34:45.928Z'
}
{
  message: 'Error: jwt malformed',
  userName: 'Not login',
  level: 'error',
  timestamp: '2023-06-15T02:34:45.962Z'
}
{
  message: 'Error: jwt malformed',
  userName: 'Not login',
  level: 'error',
  timestamp: '2023-06-15T02:34:45.978Z'
}
{
  message: 'Error: jwt malformed',
  userName: 'Not login',
  level: 'error',
  timestamp: '2023-06-15T02:34:46.000Z'
}
{
  message: 'Error: jwt malformed',
  userName: 'Not login',
  level: 'error',
  timestamp: '2023-06-15T02:34:46.041Z'
}
{
  message: 'Error: jwt malformed',
  userName: 'Not login',
  level: 'error',
  timestamp: '2023-06-15T02:34:46.058Z'
}
{
  message: 'An error occurred. Please try again later',
  userName: 'registerNew',
  level: 'error',
  timestamp: '2023-06-15T02:55:59.896Z'
}
{
  message: 'Error: "userName" length must be at least 3 characters long',
  userName: 'registerFail',
  level: 'error',
  timestamp: '2023-06-15T02:55:59.985Z'
}
{
  message: 'Error: user or password Incorrect',
  userName: 'notLogin',
  level: 'error',
  timestamp: '2023-06-15T02:56:00.027Z'
}
{
  message: 'Error: user or password Incorrect',
  userName: 'notLogin',
  level: 'error',
  timestamp: '2023-06-15T02:56:02.014Z'
}
{
  message: 'Error: jwt malformed',
  userName: 'Not login',
  level: 'error',
  timestamp: '2023-06-15T02:56:02.021Z'
}
{
  message: 'Error: jwt malformed',
  userName: 'Not login',
  level: 'error',
  timestamp: '2023-06-15T02:56:02.033Z'
}
{
  message: 'Error: jwt malformed',
  userName: 'Not login',
  level: 'error',
  timestamp: '2023-06-15T02:56:02.045Z'
}
{
  message: 'Error: jwt malformed',
  userName: 'Not login',
  level: 'error',
  timestamp: '2023-06-15T02:56:02.058Z'
}
{
  message: 'Error: jwt malformed',
  userName: 'Not login',
  level: 'error',
  timestamp: '2023-06-15T02:56:02.070Z'
}
{
  message: 'Error: user or password Incorrect',
  userName: 'notLogin',
  level: 'error',
  timestamp: '2023-06-15T02:56:02.084Z'
}
{
  message: 'Error: jwt malformed',
  userName: 'Not login',
  level: 'error',
  timestamp: '2023-06-15T02:56:02.091Z'
}
{
  message: 'Error: jwt malformed',
  userName: 'Not login',
  level: 'error',
  timestamp: '2023-06-15T02:56:02.102Z'
}
{
  message: 'Error: jwt malformed',
  userName: 'Not login',
  level: 'error',
  timestamp: '2023-06-15T02:56:02.112Z'
}
{
  message: 'Error: jwt malformed',
  userName: 'Not login',
  level: 'error',
  timestamp: '2023-06-15T02:56:02.125Z'
}
{
  message: 'Error: jwt malformed',
  userName: 'Not login',
  level: 'error',
  timestamp: '2023-06-15T02:56:02.144Z'
}
{
  message: 'An error occurred. Please try again later',
  userName: 'registerNew',
  level: 'error',
  timestamp: '2023-06-15T02:59:11.742Z'
}
{
  message: 'Error: "userName" length must be at least 3 characters long',
  userName: 'registerFail',
  level: 'error',
  timestamp: '2023-06-15T02:59:11.834Z'
}
{
  message: 'Error: user or password Incorrect',
  userName: 'notLogin',
  level: 'error',
  timestamp: '2023-06-15T02:59:11.872Z'
}
{
  message: 'Error: user or password Incorrect',
  userName: 'notLogin',
  level: 'error',
  timestamp: '2023-06-15T02:59:13.871Z'
}
{
  message: 'Error: jwt malformed',
  userName: 'Not login',
  level: 'error',
  timestamp: '2023-06-15T02:59:13.878Z'
}
{
  message: 'Error: jwt malformed',
  userName: 'Not login',
  level: 'error',
  timestamp: '2023-06-15T02:59:13.888Z'
}
{
  message: 'Error: jwt malformed',
  userName: 'Not login',
  level: 'error',
  timestamp: '2023-06-15T02:59:13.899Z'
}
{
  message: 'Error: jwt malformed',
  userName: 'Not login',
  level: 'error',
  timestamp: '2023-06-15T02:59:13.911Z'
}
{
  message: 'Error: jwt malformed',
  userName: 'Not login',
  level: 'error',
  timestamp: '2023-06-15T02:59:13.922Z'
}
{
  message: 'Error: user or password Incorrect',
  userName: 'notLogin',
  level: 'error',
  timestamp: '2023-06-15T02:59:13.934Z'
}
{
  message: 'Error: jwt malformed',
  userName: 'Not login',
  level: 'error',
  timestamp: '2023-06-15T02:59:13.940Z'
}
{
  message: 'Error: jwt malformed',
  userName: 'Not login',
  level: 'error',
  timestamp: '2023-06-15T02:59:13.952Z'
}
{
  message: 'Error: jwt malformed',
  userName: 'Not login',
  level: 'error',
  timestamp: '2023-06-15T02:59:13.964Z'
}
{
  message: 'Error: jwt malformed',
  userName: 'Not login',
  level: 'error',
  timestamp: '2023-06-15T02:59:13.977Z'
}
{
  message: 'Error: jwt malformed',
  userName: 'Not login',
  level: 'error',
  timestamp: '2023-06-15T02:59:13.988Z'
}
{
  message: 'Error: "userName" length must be at least 3 characters long',
  userName: 'registerFail',
  level: 'error',
  timestamp: '2023-06-15T03:01:08.237Z'
}
{
  message: 'Error: "contactLastName" is required',
  userName: 'registerFail',
  level: 'error',
  timestamp: '2023-06-15T03:01:09.321Z'
}
{
  message: 'Error: Customer not found',
  userName: 'testuser',
  level: 'error',
  timestamp: '2023-06-15T03:01:09.356Z'
}
{
  message: 'Error: Customer not found',
  userName: 'testuser',
  level: 'error',
  timestamp: '2023-06-15T03:01:09.376Z'
}
{
  message: 'Error: Customer not found',
  userName: 'testuser',
  level: 'error',
  timestamp: '2023-06-15T03:01:09.396Z'
}
{
  message: 'Error: "userName" length must be at least 3 characters long',
  userName: 'registerFail',
  level: 'error',
  timestamp: '2023-06-15T03:02:53.025Z'
}
{
  message: 'Error: "contactLastName" is required',
  userName: 'registerFail',
  level: 'error',
  timestamp: '2023-06-15T03:02:53.876Z'
}
{
  message: 'Error: Customer not found',
  userName: 'testuser',
  level: 'error',
  timestamp: '2023-06-15T03:02:53.925Z'
}
{
  message: 'Error: Customer not found',
  userName: 'testuser',
  level: 'error',
  timestamp: '2023-06-15T03:02:53.949Z'
}
{
  message: 'Error: Customer not found',
  userName: 'testuser',
  level: 'error',
  timestamp: '2023-06-15T03:02:53.968Z'
}
{
  message: 'Error: "userName" length must be at least 3 characters long',
  userName: 'registerFail',
  level: 'error',
  timestamp: '2023-06-15T03:07:20.114Z'
}
{
  message: 'Error: "contactLastName" is required',
  userName: 'registerFail',
  level: 'error',
  timestamp: '2023-06-15T03:07:20.999Z'
}
{
  message: 'Error: Customer not found',
  userName: 'testuser',
  level: 'error',
  timestamp: '2023-06-15T03:07:21.031Z'
}
{
  message: 'Error: Customer not found',
  userName: 'testuser',
  level: 'error',
  timestamp: '2023-06-15T03:07:21.051Z'
}
{
  message: 'Error: Customer not found',
  userName: 'testuser',
  level: 'error',
  timestamp: '2023-06-15T03:07:21.068Z'
}
{
  message: 'Error: "userName" length must be at least 3 characters long',
  userName: 'registerFail',
  level: 'error',
  timestamp: '2023-06-15T03:08:05.045Z'
}
{
  message: 'Error: "contactLastName" is required',
  userName: 'registerFail',
  level: 'error',
  timestamp: '2023-06-15T03:08:05.903Z'
}
{
  message: 'Error: Customer not found',
  userName: 'testuser',
  level: 'error',
  timestamp: '2023-06-15T03:08:05.943Z'
}
{
  message: 'Error: Customer not found',
  userName: 'testuser',
  level: 'error',
  timestamp: '2023-06-15T03:08:05.968Z'
}
{
  message: 'Error: Customer not found',
  userName: 'testuser',
  level: 'error',
  timestamp: '2023-06-15T03:08:05.986Z'
}
{
  message: 'Error: "userName" length must be at least 3 characters long',
  userName: 'registerFail',
  level: 'error',
  timestamp: '2023-06-15T03:09:58.029Z'
}
{
  message: 'Error: notNull Violation: Customer.customerName cannot be null',
  userName: 'testuser',
  level: 'error',
  timestamp: '2023-06-15T03:09:58.964Z'
}
{
  message: 'Error: Customer not found',
  userName: 'testuser',
  level: 'error',
  timestamp: '2023-06-15T03:09:59.002Z'
}
{
  message: 'Error: Customer not found',
  userName: 'testuser',
  level: 'error',
  timestamp: '2023-06-15T03:09:59.021Z'
}
{
  message: 'Error: Customer not found',
  userName: 'testuser',
  level: 'error',
  timestamp: '2023-06-15T03:09:59.038Z'
}
{
  message: 'Error: "userName" length must be at least 3 characters long',
  userName: 'registerFail',
  level: 'error',
  timestamp: '2023-06-15T03:10:29.344Z'
}
{
  message: 'Error: notNull Violation: Customer.customerName cannot be null',
  userName: 'testuser',
  level: 'error',
  timestamp: '2023-06-15T03:10:30.209Z'
}
{
  message: 'Error: Customer not found',
  userName: 'testuser',
  level: 'error',
  timestamp: '2023-06-15T03:10:30.243Z'
}
{
  message: 'Error: Customer not found',
  userName: 'testuser',
  level: 'error',
  timestamp: '2023-06-15T03:10:30.261Z'
}
{
  message: 'Error: Customer not found',
  userName: 'testuser',
  level: 'error',
  timestamp: '2023-06-15T03:10:30.280Z'
}
{
  message: 'Error: "userName" length must be at least 3 characters long',
  userName: 'registerFail',
  level: 'error',
  timestamp: '2023-06-15T03:12:17.151Z'
}
{
  message: 'Error: "userName" length must be at least 3 characters long',
  userName: 'registerFail',
  level: 'error',
  timestamp: '2023-06-15T03:27:10.183Z'
}
{
  message: 'Error: "userName" length must be at least 3 characters long',
  userName: 'registerFail',
  level: 'error',
  timestamp: '2023-06-15T03:27:33.110Z'
}
{
  message: 'Error: "userName" length must be at least 3 characters long',
  userName: 'registerFail',
  level: 'error',
  timestamp: '2023-06-15T03:43:48.764Z'
}
{
  message: 'Error: user or password Incorrect',
  userName: 'notLogin',
  level: 'error',
  timestamp: '2023-06-15T03:45:10.317Z'
}
{
  message: 'Username is already in use',
  userName: 'registerNew',
  level: 'error',
  timestamp: '2023-06-15T03:45:23.248Z'
}
{
  message: 'Error: "userName" length must be at least 3 characters long',
  userName: 'registerFail',
  level: 'error',
  timestamp: '2023-06-16T03:12:11.176Z'
}
{
  message: 'Error: "userName" length must be at least 3 characters long',
  userName: 'registerFail',
  level: 'error',
  timestamp: '2023-06-16T03:13:08.167Z'
}
{
  message: 'Error: user or password Incorrect',
  userName: 'notLogin',
  level: 'error',
  timestamp: '2023-06-19T04:07:24.351Z'
}
{
  message: 'Username is already in use',
  userName: 'registerNew',
  level: 'error',
  timestamp: '2023-06-19T04:07:24.539Z'
}
{
  message: 'An error occurred. Please try again later',
  userName: 'registerNew',
  level: 'error',
  timestamp: '2023-06-19T04:07:24.751Z'
}
{
  message: 'Error: user or password Incorrect',
  userName: 'notLogin',
  level: 'error',
  timestamp: '2023-06-19T04:21:39.209Z'
}
{
  message: 'Username is already in use',
  userName: 'registerNew',
  level: 'error',
  timestamp: '2023-06-19T04:21:39.404Z'
}
{
  message: 'An error occurred. Please try again later',
  userName: 'registerNew',
  level: 'error',
  timestamp: '2023-06-19T04:21:39.574Z'
}
{
  message: 'Error: user or password Incorrect',
  userName: 'notLogin',
  level: 'error',
  timestamp: '2023-06-19T07:06:28.434Z'
}
{
  message: 'An error occurred. Please try again later',
  userName: 'registerNew',
  level: 'error',
  timestamp: '2023-06-19T07:06:28.797Z'
}
{
  message: 'Error: user or password Incorrect',
  userName: 'notLogin',
  level: 'error',
  timestamp: '2023-06-19T07:08:49.173Z'
}
{
  message: 'An error occurred. Please try again later',
  userName: 'registerNew',
  level: 'error',
  timestamp: '2023-06-19T07:08:49.516Z'
}
{
  message: 'Error: user or password Incorrect',
  userName: 'notLogin',
  level: 'error',
  timestamp: '2023-06-19T07:09:24.148Z'
}
{
  message: 'An error occurred. Please try again later',
  userName: 'registerNew',
  level: 'error',
  timestamp: '2023-06-19T07:09:24.314Z'
}
{
  message: 'Error: user or password Incorrect',
  userName: 'notLogin',
  level: 'error',
  timestamp: '2023-06-19T07:09:24.489Z'
}
{
  message: 'Error: user or password Incorrect',
  userName: 'notLogin',
  level: 'error',
  timestamp: '2023-06-19T07:10:10.893Z'
}
{
  message: 'An error occurred. Please try again later',
  userName: 'registerNew',
  level: 'error',
  timestamp: '2023-06-19T07:10:11.258Z'
}
{
  message: 'Error: user or password Incorrect',
  userName: 'notLogin',
  level: 'error',
  timestamp: '2023-06-19T07:11:03.759Z'
}
{
  message: 'Username is already in use',
  userName: 'registerNew',
  level: 'error',
  timestamp: '2023-06-19T07:11:03.918Z'
}
{
  message: 'An error occurred. Please try again later',
  userName: 'registerNew',
  level: 'error',
  timestamp: '2023-06-19T07:11:04.067Z'
}
{
  message: 'Error: user or password Incorrect',
  userName: 'notLogin',
  level: 'error',
  timestamp: '2023-06-19T07:12:09.393Z'
}
{
  message: 'An error occurred. Please try again later',
  userName: 'registerNew',
  level: 'error',
  timestamp: '2023-06-19T07:12:09.697Z'
}
{
  message: 'Error: user or password Incorrect',
  userName: 'notLogin',
  level: 'error',
  timestamp: '2023-06-19T07:23:50.681Z'
}
{
  message: 'An error occurred. Please try again later',
  userName: 'registerNew',
  level: 'error',
  timestamp: '2023-06-19T07:23:51.091Z'
}
{
  message: 'Error: user or password Incorrect',
  userName: 'notLogin',
  level: 'error',
  timestamp: '2023-06-19T07:28:03.572Z'
}
{
  message: 'An error occurred. Please try again later',
  userName: 'registerNew',
  level: 'error',
  timestamp: '2023-06-19T07:28:04.017Z'
}
{
  message: 'Error: user or password Incorrect',
  userName: 'notLogin',
  level: 'error',
  timestamp: '2023-06-19T07:29:31.555Z'
}
{
  message: 'An error occurred. Please try again later',
  userName: 'registerNew',
  level: 'error',
  timestamp: '2023-06-19T07:29:31.990Z'
}
{
  message: 'Error: user or password Incorrect',
  userName: 'notLogin',
  level: 'error',
  timestamp: '2023-06-19T07:31:44.747Z'
}
{
  message: 'An error occurred. Please try again later',
  userName: 'registerNew',
  level: 'error',
  timestamp: '2023-06-19T07:31:45.443Z'
}
{
  message: 'Error: user or password Incorrect',
  userName: 'notLogin',
  level: 'error',
  timestamp: '2023-06-19T07:34:23.199Z'
}
{
  message: 'An error occurred. Please try again later',
  userName: 'registerNew',
  level: 'error',
  timestamp: '2023-06-19T07:34:23.677Z'
}
{
  message: 'Error: user or password Incorrect',
  userName: 'notLogin',
  level: 'error',
  timestamp: '2023-06-19T07:36:03.951Z'
}
{
  message: 'An error occurred. Please try again later',
  userName: 'registerNew',
  level: 'error',
  timestamp: '2023-06-19T07:36:04.574Z'
}
{
  message: 'Error: user or password Incorrect',
  userName: 'notLogin',
  level: 'error',
  timestamp: '2023-06-19T07:39:14.035Z'
}
{
  message: 'An error occurred. Please try again later',
  userName: 'registerNew',
  level: 'error',
  timestamp: '2023-06-19T07:39:14.331Z'
}
{
  message: 'An error occurred. Please try again later',
  userName: 'registerNew',
  level: 'error',
  timestamp: '2023-06-19T07:39:14.505Z'
}
{
  message: 'Error: user or password Incorrect',
  userName: 'notLogin',
  level: 'error',
  timestamp: '2023-06-19T07:39:49.188Z'
}
{
  message: 'An error occurred. Please try again later',
  userName: 'registerNew',
  level: 'error',
  timestamp: '2023-06-19T07:39:49.473Z'
}
{
  message: 'An error occurred. Please try again later',
  userName: 'registerNew',
  level: 'error',
  timestamp: '2023-06-19T07:39:49.642Z'
}
{
  message: 'Error: user or password Incorrect',
  userName: 'notLogin',
  level: 'error',
  timestamp: '2023-06-19T07:41:36.118Z'
}
{
  message: 'An error occurred. Please try again later',
  userName: 'registerNew',
  level: 'error',
  timestamp: '2023-06-19T07:41:36.558Z'
}
{
  message: 'Error: user or password Incorrect',
  userName: 'notLogin',
  level: 'error',
  timestamp: '2023-06-19T07:43:53.153Z'
}
{
  message: 'An error occurred. Please try again later',
  userName: 'registerNew',
  level: 'error',
  timestamp: '2023-06-19T07:43:53.596Z'
}
{
  message: 'Error: user or password Incorrect',
  userName: 'notLogin',
  level: 'error',
  timestamp: '2023-06-19T07:44:56.206Z'
}
{
  message: 'An error occurred. Please try again later',
  userName: 'registerNew',
  level: 'error',
  timestamp: '2023-06-19T07:44:56.355Z'
}
{
  message: 'An error occurred. Please try again later',
  userName: 'registerNew',
  level: 'error',
  timestamp: '2023-06-19T07:44:56.519Z'
}
{
  message: 'Error: user or password Incorrect',
  userName: 'notLogin',
  level: 'error',
  timestamp: '2023-06-19T07:46:19.978Z'
}
{
  message: 'An error occurred. Please try again later',
  userName: 'registerNew',
  level: 'error',
  timestamp: '2023-06-19T07:46:20.134Z'
}
{
  message: 'An error occurred. Please try again later',
  userName: 'registerNew',
  level: 'error',
  timestamp: '2023-06-19T07:46:20.286Z'
}
{
  message: 'Error: user or password Incorrect',
  userName: 'notLogin',
  level: 'error',
  timestamp: '2023-06-19T07:47:35.744Z'
}
{
  message: 'An error occurred. Please try again later',
  userName: 'registerNew',
  level: 'error',
  timestamp: '2023-06-19T07:47:35.902Z'
}
{
  message: 'An error occurred. Please try again later',
  userName: 'registerNew',
  level: 'error',
  timestamp: '2023-06-19T07:47:36.055Z'
}
{
  message: 'Error: user or password Incorrect',
  userName: 'notLogin',
  level: 'error',
  timestamp: '2023-06-19T07:48:57.507Z'
}
{
  message: 'An error occurred. Please try again later',
  userName: 'registerNew',
  level: 'error',
  timestamp: '2023-06-19T07:48:57.652Z'
}
{
  message: 'An error occurred. Please try again later',
  userName: 'registerNew',
  level: 'error',
  timestamp: '2023-06-19T07:48:57.803Z'
}
{
  message: 'Error: user or password Incorrect',
  userName: 'notLogin',
  level: 'error',
  timestamp: '2023-06-19T08:56:23.527Z'
}
{
  message: 'An error occurred. Please try again later',
  userName: 'registerNew',
  level: 'error',
  timestamp: '2023-06-19T08:56:23.695Z'
}
{
  message: 'An error occurred. Please try again later',
  userName: 'registerNew',
  level: 'error',
  timestamp: '2023-06-19T08:56:23.842Z'
}
{
  message: 'Error: user or password Incorrect',
  userName: 'notLogin',
  level: 'error',
  timestamp: '2023-06-19T08:56:50.895Z'
}
{
  message: 'An error occurred. Please try again later',
  userName: 'registerNew',
  level: 'error',
  timestamp: '2023-06-19T08:56:51.043Z'
}
{
  message: 'An error occurred. Please try again later',
  userName: 'registerNew',
  level: 'error',
  timestamp: '2023-06-19T08:56:51.206Z'
}
{
  message: 'Error: user or password Incorrect',
  userName: 'notLogin',
  level: 'error',
  timestamp: '2023-06-19T08:58:03.701Z'
}
{
  message: 'An error occurred. Please try again later',
  userName: 'registerNew',
  level: 'error',
  timestamp: '2023-06-19T08:58:03.865Z'
}
{
  message: 'An error occurred. Please try again later',
  userName: 'registerNew',
  level: 'error',
  timestamp: '2023-06-19T08:58:04.028Z'
}
{
  message: 'Error: user or password Incorrect',
  userName: 'notLogin',
  level: 'error',
  timestamp: '2023-06-19T09:09:50.090Z'
}
{
  message: 'An error occurred. Please try again later',
  userName: 'registerNew',
  level: 'error',
  timestamp: '2023-06-19T09:09:50.259Z'
}
{
  message: 'An error occurred. Please try again later',
  userName: 'registerNew',
  level: 'error',
  timestamp: '2023-06-19T09:09:50.414Z'
}
{
  message: 'Error: user or password Incorrect',
  userName: 'notLogin',
  level: 'error',
  timestamp: '2023-06-19T09:15:14.458Z'
}
{
  message: 'An error occurred. Please try again later',
  userName: 'registerNew',
  level: 'error',
  timestamp: '2023-06-19T09:15:14.614Z'
}
{
  message: 'An error occurred. Please try again later',
  userName: 'registerNew',
  level: 'error',
  timestamp: '2023-06-19T09:15:14.775Z'
}
{
  message: 'Error: user or password Incorrect',
  userName: 'notLogin',
  level: 'error',
  timestamp: '2023-06-19T09:19:45.294Z'
}
{
  message: 'An error occurred. Please try again later',
  userName: 'registerNew',
  level: 'error',
  timestamp: '2023-06-19T09:19:45.512Z'
}
{
  message: 'An error occurred. Please try again later',
  userName: 'registerNew',
  level: 'error',
  timestamp: '2023-06-19T09:19:45.824Z'
}
{
  message: 'Error: user or password Incorrect',
  userName: 'notLogin',
  level: 'error',
  timestamp: '2023-06-19T09:26:02.514Z'
}
{
  message: 'An error occurred. Please try again later',
  userName: 'registerNew',
  level: 'error',
  timestamp: '2023-06-19T09:26:02.693Z'
}
{
  message: 'An error occurred. Please try again later',
  userName: 'registerNew',
  level: 'error',
  timestamp: '2023-06-19T09:26:02.849Z'
}
{
  message: 'Error: user or password Incorrect',
  userName: 'notLogin',
  level: 'error',
  timestamp: '2023-06-19T09:26:15.988Z'
}
{
  message: 'An error occurred. Please try again later',
  userName: 'registerNew',
  level: 'error',
  timestamp: '2023-06-19T09:26:16.171Z'
}
{
  message: 'An error occurred. Please try again later',
  userName: 'registerNew',
  level: 'error',
  timestamp: '2023-06-19T09:26:16.330Z'
}
{
  message: 'Error: user or password Incorrect',
  userName: 'notLogin',
  level: 'error',
  timestamp: '2023-06-19T09:31:18.771Z'
}
{
  message: 'Username is already in use',
  userName: 'registerNew',
  level: 'error',
  timestamp: '2023-06-19T09:31:19.007Z'
}
{
  message: 'An error occurred. Please try again later',
  userName: 'registerNew',
  level: 'error',
  timestamp: '2023-06-19T09:31:19.201Z'
}
{
  message: 'Error: user or password Incorrect',
  userName: 'notLogin',
  level: 'error',
  timestamp: '2023-06-19T09:31:37.420Z'
}
{
  message: 'An error occurred. Please try again later',
  userName: 'registerNew',
  level: 'error',
  timestamp: '2023-06-19T09:31:37.582Z'
}
{
  message: 'An error occurred. Please try again later',
  userName: 'registerNew',
  level: 'error',
  timestamp: '2023-06-19T09:31:37.754Z'
}
{
  message: 'Error: user or password Incorrect',
  userName: 'notLogin',
  level: 'error',
  timestamp: '2023-06-19T09:40:01.344Z'
}
{
  message: 'An error occurred. Please try again later',
  userName: 'registerNew',
  level: 'error',
  timestamp: '2023-06-19T09:40:01.521Z'
}
{
  message: 'An error occurred. Please try again later',
  userName: 'registerNew',
  level: 'error',
  timestamp: '2023-06-19T09:40:01.677Z'
}
{
  message: 'Error: user or password Incorrect',
  userName: 'notLogin',
  level: 'error',
  timestamp: '2023-06-19T09:46:59.495Z'
}
{
  message: 'An error occurred. Please try again later',
  userName: 'registerNew',
  level: 'error',
  timestamp: '2023-06-19T09:46:59.690Z'
}
{
  message: 'An error occurred. Please try again later',
  userName: 'registerNew',
  level: 'error',
  timestamp: '2023-06-19T09:46:59.852Z'
}
{
  message: 'Error: user or password Incorrect',
  userName: 'notLogin',
  level: 'error',
  timestamp: '2023-06-20T08:32:19.708Z'
}
{
  message: 'An error occurred. Please try again later',
  userName: 'registerNew',
  level: 'error',
  timestamp: '2023-06-20T08:32:20.009Z'
}
{
  message: 'An error occurred. Please try again later',
  userName: 'registerNew',
  level: 'error',
  timestamp: '2023-06-20T08:32:20.300Z'
}
{
  message: 'Error: user or password Incorrect',
  userName: 'notLogin',
  level: 'error',
  timestamp: '2023-06-20T09:16:18.233Z'
}
{
  message: 'Error: user or password Incorrect',
  userName: 'notLogin',
  level: 'error',
  timestamp: '2023-06-20T09:16:18.388Z'
}
{
  message: 'Username is already in use',
  userName: 'registerNew',
  level: 'error',
  timestamp: '2023-06-20T09:16:18.544Z'
}
{
  message: 'Error: user or password Incorrect',
  userName: 'notLogin',
  level: 'error',
  timestamp: '2023-06-20T09:19:36.676Z'
}
{
  message: 'Error: user or password Incorrect',
  userName: 'notLogin',
  level: 'error',
  timestamp: '2023-06-20T09:19:36.823Z'
}
{
  message: 'Username is already in use',
  userName: 'registerNew',
  level: 'error',
  timestamp: '2023-06-20T09:19:36.979Z'
}
{
  message: 'An error occurred. Please try again later',
  userName: 'registerNew',
  level: 'error',
  timestamp: '2023-06-20T09:19:36.987Z'
}
{
  message: 'An error occurred. Please try again later',
  userName: 'registerNew',
  level: 'error',
  timestamp: '2023-06-20T09:19:36.994Z'
}
{
  message: 'Error: user or password Incorrect',
  userName: 'notLogin',
  level: 'error',
  timestamp: '2023-06-20T09:22:14.240Z'
}
{
  message: 'Error: user or password Incorrect',
  userName: 'notLogin',
  level: 'error',
  timestamp: '2023-06-20T09:22:14.387Z'
}
{
  message: 'Username is already in use',
  userName: 'registerNew',
  level: 'error',
  timestamp: '2023-06-20T09:22:14.551Z'
}
{
  message: 'An error occurred. Please try again later',
  userName: 'registerNew',
  level: 'error',
  timestamp: '2023-06-20T09:22:14.555Z'
}
{
  message: 'An error occurred. Please try again later',
  userName: 'registerNew',
  level: 'error',
  timestamp: '2023-06-20T09:22:14.558Z'
}
{
  message: 'Error: user or password Incorrect',
  userName: 'notLogin',
  level: 'error',
  timestamp: '2023-06-20T09:23:54.488Z'
}
{
  message: 'Error: user or password Incorrect',
  userName: 'notLogin',
  level: 'error',
  timestamp: '2023-06-20T09:23:54.639Z'
}
{
  message: 'Username is already in use',
  userName: 'registerNew',
  level: 'error',
  timestamp: '2023-06-20T09:23:54.805Z'
}
{
  message: 'An error occurred. Please try again later',
  userName: 'registerNew',
  level: 'error',
  timestamp: '2023-06-20T09:23:54.814Z'
}
{
  message: 'An error occurred. Please try again later',
  userName: 'registerNew',
  level: 'error',
  timestamp: '2023-06-20T09:23:54.819Z'
}
{
  message: 'Error: user or password Incorrect',
  userName: 'notLogin',
  level: 'error',
  timestamp: '2023-06-20T09:31:39.792Z'
}
{
  message: 'Error: user or password Incorrect',
  userName: 'notLogin',
  level: 'error',
  timestamp: '2023-06-20T09:31:39.942Z'
}
{
  message: 'Username is already in use',
  userName: 'registerNew',
  level: 'error',
  timestamp: '2023-06-20T09:31:40.104Z'
}
{
  message: 'An error occurred. Please try again later',
  userName: 'registerNew',
  level: 'error',
  timestamp: '2023-06-20T09:31:40.111Z'
}
{
  message: 'An error occurred. Please try again later',
  userName: 'registerNew',
  level: 'error',
  timestamp: '2023-06-20T09:31:40.115Z'
}
{
  message: 'Error: user or password Incorrect',
  userName: 'notLogin',
  level: 'error',
  timestamp: '2023-06-20T09:40:31.581Z'
}
{
  message: 'Error: user or password Incorrect',
  userName: 'notLogin',
  level: 'error',
  timestamp: '2023-06-20T09:40:31.730Z'
}
{
  message: 'Username is already in use',
  userName: 'registerNew',
  level: 'error',
  timestamp: '2023-06-20T09:40:31.892Z'
}
{
  message: 'An error occurred. Please try again later',
  userName: 'registerNew',
  level: 'error',
  timestamp: '2023-06-20T09:40:31.898Z'
}
{
  message: 'An error occurred. Please try again later',
  userName: 'registerNew',
  level: 'error',
  timestamp: '2023-06-20T09:40:31.902Z'
}
{
  message: 'Error: user or password Incorrect',
  userName: 'notLogin',
  level: 'error',
  timestamp: '2023-06-20T16:35:21.320Z'
}
{
  message: 'Error: user or password Incorrect',
  userName: 'notLogin',
  level: 'error',
  timestamp: '2023-06-20T16:35:21.711Z'
}
{
  message: 'Username is already in use',
  userName: 'registerNew',
  level: 'error',
  timestamp: '2023-06-20T16:35:22.003Z'
}
{
  message: 'An error occurred. Please try again later',
  userName: 'registerNew',
  level: 'error',
  timestamp: '2023-06-20T16:35:22.025Z'
}
{
  message: 'An error occurred. Please try again later',
  userName: 'registerNew',
  level: 'error',
  timestamp: '2023-06-20T16:35:22.036Z'
}
{
  message: 'Error: user or password Incorrect',
  userName: 'notLogin',
  level: 'error',
  timestamp: '2023-06-20T16:40:17.162Z'
}
{
  message: 'Error: user or password Incorrect',
  userName: 'notLogin',
  level: 'error',
  timestamp: '2023-06-20T16:40:17.439Z'
}
{
  message: 'Username is already in use',
  userName: 'registerNew',
  level: 'error',
  timestamp: '2023-06-20T16:40:17.705Z'
}
{
  message: 'An error occurred. Please try again later',
  userName: 'registerNew',
  level: 'error',
  timestamp: '2023-06-20T16:40:17.717Z'
}
{
  message: 'An error occurred. Please try again later',
  userName: 'registerNew',
  level: 'error',
  timestamp: '2023-06-20T16:40:17.730Z'
}
{
  message: 'Error: user or password Incorrect',
  userName: 'notLogin',
  level: 'error',
  timestamp: '2023-06-20T17:10:53.283Z'
}
{
  message: 'Error: user or password Incorrect',
  userName: 'notLogin',
  level: 'error',
  timestamp: '2023-06-20T17:10:53.438Z'
}
{
  message: 'Username is already in use',
  userName: 'registerNew',
  level: 'error',
  timestamp: '2023-06-20T17:10:53.592Z'
}
{
  message: 'An error occurred. Please try again later',
  userName: 'registerNew',
  level: 'error',
  timestamp: '2023-06-20T17:10:53.596Z'
}
{
  message: 'An error occurred. Please try again later',
  userName: 'registerNew',
  level: 'error',
  timestamp: '2023-06-20T17:10:53.600Z'
}
{
  message: 'Error: user or password Incorrect',
  userName: 'notLogin',
  level: 'error',
  timestamp: '2023-06-20T17:14:55.103Z'
}
{
  message: 'Error: user or password Incorrect',
  userName: 'notLogin',
  level: 'error',
  timestamp: '2023-06-20T17:14:55.268Z'
}
{
  message: 'Username is already in use',
  userName: 'registerNew',
  level: 'error',
  timestamp: '2023-06-20T17:14:55.427Z'
}
{
  message: 'An error occurred. Please try again later',
  userName: 'registerNew',
  level: 'error',
  timestamp: '2023-06-20T17:14:55.432Z'
}
{
  message: 'An error occurred. Please try again later',
  userName: 'registerNew',
  level: 'error',
  timestamp: '2023-06-20T17:14:55.435Z'
}
{
  message: 'Error: user or password Incorrect',
  userName: 'notLogin',
  level: 'error',
  timestamp: '2023-06-20T17:16:58.291Z'
}
{
  message: 'Error: user or password Incorrect',
  userName: 'notLogin',
  level: 'error',
  timestamp: '2023-06-20T17:16:58.709Z'
}
{
  message: 'Username is already in use',
  userName: 'registerNew',
  level: 'error',
  timestamp: '2023-06-20T17:16:58.939Z'
}
{
  message: 'An error occurred. Please try again later',
  userName: 'registerNew',
  level: 'error',
  timestamp: '2023-06-20T17:16:58.945Z'
}
{
  message: 'An error occurred. Please try again later',
  userName: 'registerNew',
  level: 'error',
  timestamp: '2023-06-20T17:16:58.950Z'
}
{
  message: 'Error: user or password Incorrect',
  userName: 'notLogin',
  level: 'error',
  timestamp: '2023-06-20T17:19:49.586Z'
}
{
  message: 'Error: user or password Incorrect',
  userName: 'notLogin',
  level: 'error',
  timestamp: '2023-06-20T17:19:49.764Z'
}
{
  message: 'Username is already in use',
  userName: 'registerNew',
  level: 'error',
  timestamp: '2023-06-20T17:19:49.964Z'
}
{
  message: 'An error occurred. Please try again later',
  userName: 'registerNew',
  level: 'error',
  timestamp: '2023-06-20T17:19:49.972Z'
}
{
  message: 'An error occurred. Please try again later',
  userName: 'registerNew',
  level: 'error',
  timestamp: '2023-06-20T17:19:49.978Z'
}
